app/build/outputs/logs/manifest-merger-debug-report.txt
-- Merging decision tree log ---
manifest
ADDED from src\main\AndroidManifest.xml:2:1-28:12
	package
		ADDED from src\main\AndroidManifest.xml:3:7-30
		INJECTED from src\main\AndroidManifest.xml
		INJECTED from src\main\AndroidManifest.xml
	android:versionName
		ADDED from src\main\AndroidManifest.xml:4:7-44
		INJECTED from src\main\AndroidManifest.xml
		INJECTED from src\main\AndroidManifest.xml
	android:versionCode
		ADDED from src\main\AndroidManifest.xml:4:45-68
		INJECTED from src\main\AndroidManifest.xml
		INJECTED from src\main\AndroidManifest.xml
	xmlns:android
		ADDED from src\main\AndroidManifest.xml:2:11-69
application
ADDED from src\main\AndroidManifest.xml:5:5-24:15
	android:label
		ADDED from src\main\AndroidManifest.xml:5:18-50
	android:debuggable
		ADDED from src\main\AndroidManifest.xml:5:85-111
	android:icon
		ADDED from src\main\AndroidManifest.xml:5:51-84
activity#com.beerdiary.BeerDiary
ADDED from src\main\AndroidManifest.xml:6:9-12:20
	android:label
		ADDED from src\main\AndroidManifest.xml:6:45-77
	android:name
		ADDED from src\main\AndroidManifest.xml:6:19-44
intent-filter#android.intent.action.MAIN+android.intent.category.LAUNCHER
ADDED from src\main\AndroidManifest.xml:7:13-10:29
action#android.intent.action.MAIN
ADDED from src\main\AndroidManifest.xml:8:17-69
	android:name
		ADDED from src\main\AndroidManifest.xml:8:25-66
category#android.intent.category.LAUNCHER
ADDED from src\main\AndroidManifest.xml:9:17-77
	android:name
		ADDED from src\main\AndroidManifest.xml:9:27-74
meta-data#android.app.default_searchable
ADDED from src\main\AndroidManifest.xml:11:4-90
	android:value
		ADDED from src\main\AndroidManifest.xml:11:61-87
	android:name
		ADDED from src\main\AndroidManifest.xml:11:15-60
activity#com.beerdiary.SelectBeverage
ADDED from src\main\AndroidManifest.xml:13:6-15:17
	android:launchMode
		ADDED from src\main\AndroidManifest.xml:13:47-77
	android:name
		ADDED from src\main\AndroidManifest.xml:13:16-46
activity#com.beerdiary.EditBeverage
ADDED from src\main\AndroidManifest.xml:16:3-53
	android:name
		ADDED from src\main\AndroidManifest.xml:16:13-41
activity#com.beerdiary.SetPreferences
ADDED from src\main\AndroidManifest.xml:17:3-55
	android:name
		ADDED from src\main\AndroidManifest.xml:17:13-43
activity#com.beerdiary.SearchAll
ADDED from src\main\AndroidManifest.xml:18:3-23:17
	android:name
		ADDED from src\main\AndroidManifest.xml:18:13-38
intent-filter#android.intent.action.SEARCH
ADDED from src\main\AndroidManifest.xml:19:4-21:26
action#android.intent.action.SEARCH
ADDED from src\main\AndroidManifest.xml:20:14-68
	android:name
		ADDED from src\main\AndroidManifest.xml:20:22-65
meta-data#android.app.searchable
ADDED from src\main\AndroidManifest.xml:22:10-95
	android:resource
		ADDED from src\main\AndroidManifest.xml:22:59-93
	android:name
		ADDED from src\main\AndroidManifest.xml:22:21-58
uses-sdk
ADDED from src\main\AndroidManifest.xml:25:1-48
	android:targetSdkVersion
		INJECTED from src\main\AndroidManifest.xml
		INJECTED from src\main\AndroidManifest.xml
	android:minSdkVersion
		ADDED from src\main\AndroidManifest.xml:25:11-36
		INJECTED from src\main\AndroidManifest.xml
		INJECTED from src\main\AndroidManifest.xml
uses-feature#android.hardware.camera
ADDED from src\main\AndroidManifest.xml:26:1-80
	android:required
		ADDED from src\main\AndroidManifest.xml:26:54-78
	android:name
		ADDED from src\main\AndroidManifest.xml:26:15-53
uses-permission#android.permission.WRITE_EXTERNAL_STORAGE
ADDED from src\main\AndroidManifest.xml:27:1-93
	android:name
		ADDED from src\main\AndroidManifest.xml:27:18-74